[debug] [2022-11-28T15:27:19.317Z] ----------------------------------------------------------------------
[debug] [2022-11-28T15:27:19.319Z] Command:       C:\Program Files\nodejs\node.exe C:\Users\USER\AppData\Roaming\npm\node_modules\firebase-tools\lib\bin\firebase.js init
[debug] [2022-11-28T15:27:19.319Z] CLI Version:   11.16.0
[debug] [2022-11-28T15:27:19.319Z] Platform:      win32
[debug] [2022-11-28T15:27:19.319Z] Node Version:  v16.17.0
[debug] [2022-11-28T15:27:19.324Z] Time:          Mon Nov 28 2022 21:27:19 GMT+0600 (Bangladesh Standard Time)
[debug] [2022-11-28T15:27:19.325Z] ----------------------------------------------------------------------
[debug] 
[debug] [2022-11-28T15:27:19.328Z] >>> [apiv2][query] GET https://firebase-public.firebaseio.com/cli.json [none]
[debug] [2022-11-28T15:27:19.346Z] > command requires scopes: ["email","openid","https://www.googleapis.com/auth/cloudplatformprojects.readonly","https://www.googleapis.com/auth/firebase","https://www.googleapis.com/auth/cloud-platform"]
[debug] [2022-11-28T15:27:19.347Z] > authorizing via signed-in user (mrrafi5869@gmail.com)
[info] 
     ######## #### ########  ######## ########     ###     ######  ########
     ##        ##  ##     ## ##       ##     ##  ##   ##  ##       ##
     ######    ##  ########  ######   ########  #########  ######  ######
     ##        ##  ##    ##  ##       ##     ## ##     ##       ## ##
     ##       #### ##     ## ######## ########  ##     ##  ######  ########

You're about to initialize a Firebase project in this directory:

  C:\projects\assignment\assignment12\used-products-resale

Before we get started, keep in mind:

  * You are currently outside your home directory

[debug] [2022-11-28T15:27:20.165Z] <<< [apiv2][status] GET https://firebase-public.firebaseio.com/cli.json 200
[debug] [2022-11-28T15:27:20.166Z] <<< [apiv2][body] GET https://firebase-public.firebaseio.com/cli.json {"cloudBuildErrorAfter":1594252800000,"cloudBuildWarnAfter":1590019200000,"defaultNode10After":1594252800000,"minVersion":"3.0.5","node8DeploysDisabledAfter":1613390400000,"node8RuntimeDisabledAfter":1615809600000,"node8WarnAfter":1600128000000}
